<?xml version="1.0" encoding="utf-8" standalone="no"?>
<!--This file represents the results of running a test suite-->
<test-results name="E:\GoogleProjectHosting\jelly-dotnet-framework\src\JFramework.Tests\JFramework.Tests.nunit" total="19" errors="0" failures="0" not-run="2" inconclusive="0" ignored="2" skipped="0" invalid="0" date="2011-03-22" time="10:06:40">
  <environment nunit-version="2.5.9.10348" clr-version="2.0.50727.3053" os-version="Microsoft Windows NT 5.1.2600 Service Pack 3" platform="Win32NT" cwd="E:\GoogleProjectHosting\jelly-dotnet-framework\src\JFramework.Tests\bin\Debug" machine-name="JELLY" user="Administrator" user-domain="JELLY" />
  <culture-info current-culture="zh-TW" current-uiculture="zh-TW" />
  <test-suite type="Project" name="E:\GoogleProjectHosting\jelly-dotnet-framework\src\JFramework.Tests\JFramework.Tests.nunit" executed="True" result="Success" success="True" time="0.828" asserts="0">
    <results>
      <test-suite type="Assembly" name="E:\GoogleProjectHosting\jelly-dotnet-framework\src\JFramework.Tests\bin\Debug\JFramework.Tests.dll" executed="True" result="Success" success="True" time="0.828" asserts="0">
        <results>
          <test-suite type="Namespace" name="JFramework" executed="True" result="Success" success="True" time="0.828" asserts="0">
            <results>
              <test-suite type="Namespace" name="Tests" executed="True" result="Success" success="True" time="0.813" asserts="0">
                <results>
                  <test-suite type="TestFixture" name="DatabaseTests" executed="True" result="Success" success="True" time="0.672" asserts="0">
                    <results>
                      <test-case name="JFramework.Tests.DatabaseTests.testConnectionCount" executed="False" result="Ignored">
                        <reason>
                          <message><![CDATA[]]></message>
                        </reason>
                      </test-case>
                      <test-case name="JFramework.Tests.DatabaseTests.testExecuteSQL" executed="True" result="Success" success="True" time="0.469" asserts="0" />
                      <test-case name="JFramework.Tests.DatabaseTests.testExecuteSQLs" executed="True" result="Success" success="True" time="0.016" asserts="0" />
                      <test-case name="JFramework.Tests.DatabaseTests.testGetDataReader" executed="True" result="Success" success="True" time="0.016" asserts="0" />
                      <test-case name="JFramework.Tests.DatabaseTests.testGetSchemaTable" executed="True" result="Success" success="True" time="0.031" asserts="0" />
                      <test-case name="JFramework.Tests.DatabaseTests.testSelectRecordCountSQL" executed="True" result="Success" success="True" time="0.031" asserts="0" />
                      <test-case name="JFramework.Tests.DatabaseTests.testSelectSQLDataSet" executed="True" result="Success" success="True" time="0.016" asserts="0" />
                      <test-case name="JFramework.Tests.DatabaseTests.testSelectSQLDataTable" executed="True" result="Success" success="True" time="0.016" asserts="0" />
                    </results>
                  </test-suite>
                  <test-suite type="TestFixture" name="LogTests" executed="True" result="Success" success="True" time="0.109" asserts="0">
                    <results>
                      <test-case name="JFramework.Tests.LogTests.testD" executed="True" result="Success" success="True" time="0.094" asserts="0" />
                      <test-case name="JFramework.Tests.LogTests.testE" executed="True" result="Success" success="True" time="0.000" asserts="0" />
                      <test-case name="JFramework.Tests.LogTests.testI" executed="True" result="Success" success="True" time="0.000" asserts="0" />
                      <test-case name="JFramework.Tests.LogTests.testLogException" executed="True" result="Success" success="True" time="0.000" asserts="0" />
                      <test-case name="JFramework.Tests.LogTests.testW" executed="True" result="Success" success="True" time="0.000" asserts="0" />
                    </results>
                  </test-suite>
                  <test-suite type="TestFixture" name="XDatabaseTests" executed="True" result="Success" success="True" time="0.031" asserts="0">
                    <results>
                      <test-case name="JFramework.Tests.XDatabaseTests.testConnectionCount" executed="False" result="Ignored">
                        <reason>
                          <message><![CDATA[]]></message>
                        </reason>
                      </test-case>
                      <test-case name="JFramework.Tests.XDatabaseTests.testExecuteSQL" executed="True" result="Success" success="True" time="0.016" asserts="0" />
                      <test-case name="JFramework.Tests.XDatabaseTests.testExecuteSQLs" executed="True" result="Success" success="True" time="0.000" asserts="0" />
                      <test-case name="JFramework.Tests.XDatabaseTests.testGetDataReader" executed="True" result="Success" success="True" time="0.000" asserts="0" />
                      <test-case name="JFramework.Tests.XDatabaseTests.testGetSchemaTable" executed="True" result="Success" success="True" time="0.000" asserts="0" />
                      <test-case name="JFramework.Tests.XDatabaseTests.testSelectRecordCountSQL" executed="True" result="Success" success="True" time="0.000" asserts="0" />
                      <test-case name="JFramework.Tests.XDatabaseTests.testSelectSQLDataSet" executed="True" result="Success" success="True" time="0.016" asserts="0" />
                      <test-case name="JFramework.Tests.XDatabaseTests.testSelectSQLDataTable" executed="True" result="Success" success="True" time="0.000" asserts="0" />
                    </results>
                  </test-suite>
                </results>
              </test-suite>
            </results>
          </test-suite>
        </results>
      </test-suite>
    </results>
  </test-suite>
</test-results>